07:37:01,001  INFO [main] - ----------- MW START -----------
07:37:01,001  INFO [main] - Start load config
07:37:02,002  INFO [main] - LISTEN TO : 192.168.100.15:28888
07:37:09,009  INFO [New I/O worker #1] - Panjang Stream dari CA = 296
07:37:09,009  INFO [New I/O worker #1] - Serving from IP: 192.168.100.15:53784 , accepting in port = 28888
07:37:09,009  INFO [New I/O worker #1] - Incoming CA - IP Address: 192.168.100.15:53784
<isomsg>
  <!-- org.jpos.iso.packager.ISO87APackager -->
  <field id="0" value="0200"/>
  <field id="2" value="4214080740155979"/>
  <field id="3" value="380000"/>
  <field id="4" value="000000339300"/>
  <field id="7" value="0101010101"/>
  <field id="11" value="073709"/>
  <field id="12" value="073709"/>
  <field id="13" value="0822"/>
  <field id="14" value="0911"/>
  <field id="15" value="0517"/>
  <field id="18" value="5311"/>
  <field id="32" value="0140012"/>
  <field id="37" value="200822073709"/>
  <field id="48" value="600511002100796            MOBIL               MAN                 22082020073709                              00000000000000000000000012313141414141                  "/>
  <field id="49" value="360"/>
  <field id="63" value="502"/>
</isomsg>

07:38:37,037  INFO [main] - ----------- MW START -----------
07:38:37,037  INFO [main] - Start load config
07:38:37,037  INFO [main] - LISTEN TO : 192.168.100.15:28888
07:38:39,039  INFO [New I/O worker #1] - Panjang Stream dari CA = 296
07:38:39,039  INFO [New I/O worker #1] - Serving from IP: 192.168.100.15:53788 , accepting in port = 28888
07:38:39,039  INFO [New I/O worker #1] - Incoming CA - IP Address: 192.168.100.15:53788
<isomsg>
  <!-- org.jpos.iso.packager.ISO87APackager -->
  <field id="0" value="0200"/>
  <field id="2" value="4214080740155979"/>
  <field id="3" value="180000"/>
  <field id="4" value="000000339300"/>
  <field id="7" value="0101010101"/>
  <field id="11" value="073839"/>
  <field id="12" value="073839"/>
  <field id="13" value="0822"/>
  <field id="14" value="0911"/>
  <field id="15" value="0517"/>
  <field id="18" value="5311"/>
  <field id="32" value="0140012"/>
  <field id="37" value="200822073839"/>
  <field id="48" value="600511002100796            MOBIL               MAN                 22082020073839                              00000000000000000000000012313141414141                  "/>
  <field id="49" value="360"/>
  <field id="63" value="502"/>
</isomsg>

07:39:04,004  INFO [pool-1-thread-1] - <soapenv:Envelope xmlns:soapenv="http://schemas.xmlsoap.org/soap/envelope/" xmlns:syb="http://10.10.10.40/wsdl_buana/SYBServices.php">
<soapenv:Header/>
<soapenv:Body>
<doPayment>
    <TimeStamp>2020-08-22 07:38:39</TimeStamp>
    <MessageId>Payment</MessageId>
    <ProductId>MOBIL</ProductId>
    <PaymentCode>02100796</PaymentCode>
    <Amount>339300</Amount>
    <TrackingRef>12313141414141</TrackingRef>
    <StoreId>MAN</StoreId>
</doPayment>
</soapenv:Body>
</soapenv:Envelope>
07:39:21,021  INFO [pool-1-thread-1] - Response: <SOAP:Envelope xmlns:SOAP="http://schemas.xmlsoap.org/soap/envelope/" xmlns:xsi="http://www.w3.org/2001/XMLSchema-instance" xmlns:xsd="http://www.w3.org/2001/XMLSchema">
<SOAP:Body>
<ns1:doPaymentResponse xmlns:ns1="http://schemas.xmlsoap.org/soap/envelope/">
<ReqPayment>
<TimeStamp>2020-08-22 07:38:39</TimeStamp>
<MessageID>Payment</MessageID>
<ResponseCode>200</ResponseCode>
<ResponseDesc>Pembayaran berhasil</ResponseDesc>
<TrackingRef>12313141414141</TrackingRef>
<StoreID>MAN</StoreID>
<BillInfo>AGU</BillInfo>
<Message>Terima kasih</Message>
</ReqPayment>
</ns1:doPaymentResponse>
</SOAP:Body>
</SOAP:Envelope>

07:42:35,035  INFO [pool-1-thread-1] - <soapenv:Envelope xmlns:soapenv="http://schemas.xmlsoap.org/soap/envelope/" xmlns:syb="http://10.10.10.40/wsdl_buana/SYBServices.php">
<soapenv:Header/>
<soapenv:Body>
<doPayment>
    <TimeStamp>2020-08-22 07:38:39</TimeStamp>
    <MessageId>Payment</MessageId>
    <ProductId>MOBIL</ProductId>
    <PaymentCode>02100796</PaymentCode>
    <Amount>339300</Amount>
    <TrackingRef></TrackingRef>
    <StoreId>MAN</StoreId>
</doPayment>
</soapenv:Body>
</soapenv:Envelope>
07:42:38,038  INFO [pool-1-thread-1] - Response: <SOAP:Envelope xmlns:SOAP="http://schemas.xmlsoap.org/soap/envelope/" SOAP:encodingStyle="http://schemas.xmlsoap.org/soap/encoding/" xmlns:xsi="http://www.w3.org/2001/XMLSchema-instance" xmlns:xsd="http://www.w3.org/2001/XMLSchema">
<SOAP:Body>
<SOAP:Fault>
<faultcode>400</faultcode>
<faultactor/>
<faultstring>Bad Request</faultstring>
<detail/>
</SOAP:Fault>
</SOAP:Body>
</SOAP:Envelope>

07:43:02,002  INFO [main] - ----------- MW START -----------
07:43:02,002  INFO [main] - Start load config
07:43:02,002  INFO [main] - LISTEN TO : 192.168.100.15:28888
07:43:05,005  INFO [New I/O worker #1] - Panjang Stream dari CA = 296
07:43:05,005  INFO [New I/O worker #1] - Serving from IP: 192.168.100.15:53800 , accepting in port = 28888
07:43:05,005  INFO [New I/O worker #1] - Incoming CA - IP Address: 192.168.100.15:53800
<isomsg>
  <!-- org.jpos.iso.packager.ISO87APackager -->
  <field id="0" value="0200"/>
  <field id="2" value="4214080740155979"/>
  <field id="3" value="180000"/>
  <field id="4" value="000000339300"/>
  <field id="7" value="0101010101"/>
  <field id="11" value="074305"/>
  <field id="12" value="074305"/>
  <field id="13" value="0822"/>
  <field id="14" value="0911"/>
  <field id="15" value="0517"/>
  <field id="18" value="5311"/>
  <field id="32" value="0140012"/>
  <field id="37" value="200822074305"/>
  <field id="48" value="600511002100796            MOBIL               MAN                 22082020074305                              00000000000000000000000012313141414141                  "/>
  <field id="49" value="360"/>
  <field id="63" value="502"/>
</isomsg>

07:43:19,019  INFO [pool-1-thread-1] - <soapenv:Envelope xmlns:soapenv="http://schemas.xmlsoap.org/soap/envelope/" xmlns:syb="http://10.10.10.40/wsdl_buana/SYBServices.php">
<soapenv:Header/>
<soapenv:Body>
<doPayment>
    <TimeStamp>2020-08-22 07:43:05</TimeStamp>
    <MessageId>Payment</MessageId>
    <ProductId>MOBIL</ProductId>
    <PaymentCode>02100796</PaymentCode>
    <Amount>339300</Amount>
    <TrackingRef>12313141414141</TrackingRef>
    <StoreId>MAN</StoreId>
</doPayment>
</soapenv:Body>
</soapenv:Envelope>
07:43:21,021 ERROR [pool-1-thread-1] - sendMessage Error. 
com.sun.xml.internal.messaging.saaj.SOAPExceptionImpl: com.sun.xml.internal.messaging.saaj.SOAPExceptionImpl: Invalid Content-Type:text/html. Is this an error message instead of a SOAP response?
	at com.sun.xml.internal.messaging.saaj.client.p2p.HttpSOAPConnection.call(HttpSOAPConnection.java:149)
	at com.syb.client.Client.sendMessage(Client.java:82)
	at com.syb.client.Client.createSoapMessage(Client.java:52)
	at com.syb.processor.RunnableProcessor.processResponsePayment(RunnableProcessor.java:241)
	at com.syb.processor.RunnableProcessor.run(RunnableProcessor.java:336)
	at java.util.concurrent.ThreadPoolExecutor.runWorker(ThreadPoolExecutor.java:1149)
	at java.util.concurrent.ThreadPoolExecutor$Worker.run(ThreadPoolExecutor.java:624)
	at java.lang.Thread.run(Thread.java:748)
Caused by: com.sun.xml.internal.messaging.saaj.SOAPExceptionImpl: Invalid Content-Type:text/html. Is this an error message instead of a SOAP response?
	at com.sun.xml.internal.messaging.saaj.soap.MessageImpl.identifyContentType(MessageImpl.java:655)
	at com.sun.xml.internal.messaging.saaj.soap.MessageFactoryImpl.createMessage(MessageFactoryImpl.java:85)
	at com.sun.xml.internal.messaging.saaj.client.p2p.HttpSOAPConnection.post(HttpSOAPConnection.java:332)
	at com.sun.xml.internal.messaging.saaj.client.p2p.HttpSOAPConnection.call(HttpSOAPConnection.java:145)
	... 7 more

CAUSE:

com.sun.xml.internal.messaging.saaj.SOAPExceptionImpl: Invalid Content-Type:text/html. Is this an error message instead of a SOAP response?
	at com.sun.xml.internal.messaging.saaj.soap.MessageImpl.identifyContentType(MessageImpl.java:655)
	at com.sun.xml.internal.messaging.saaj.soap.MessageFactoryImpl.createMessage(MessageFactoryImpl.java:85)
	at com.sun.xml.internal.messaging.saaj.client.p2p.HttpSOAPConnection.post(HttpSOAPConnection.java:332)
	at com.sun.xml.internal.messaging.saaj.client.p2p.HttpSOAPConnection.call(HttpSOAPConnection.java:145)
	at com.syb.client.Client.sendMessage(Client.java:82)
	at com.syb.client.Client.createSoapMessage(Client.java:52)
	at com.syb.processor.RunnableProcessor.processResponsePayment(RunnableProcessor.java:241)
	at com.syb.processor.RunnableProcessor.run(RunnableProcessor.java:336)
	at java.util.concurrent.ThreadPoolExecutor.runWorker(ThreadPoolExecutor.java:1149)
	at java.util.concurrent.ThreadPoolExecutor$Worker.run(ThreadPoolExecutor.java:624)
	at java.lang.Thread.run(Thread.java:748)
07:43:37,037  INFO [pool-1-thread-1] - [Response] No Response 
07:43:40,040  INFO [pool-1-thread-1] - Skip sending response to CA 192.168.100.15:53800 due to no response from biller!
